Wiggly Turkey

Nonsensical Mouse

Quixotic Cow

Fizzy Termite

Sticky Bear
Mature Lark
Pushy Jellyfish

Sinful Dubstepper

Awesome Armadillo

Small Turkey

Fizzy Chipmunk

Sinful Alien

Lustful Sardine

Prowling Ginger

Quick Zebra

Colorful Horse

Wiggly Termite

Daring Turkey

Flat Snake

Evolved Ginger

Quizzical Kitten

Flat Tiger

Glutonous Terrier

Stinky Child

Zippy Cow

Loyal Ginger

Wiggly Child

Empathetic Poe

Fizzy Worm

Colorful Downing

Staunch Spaghetti

Fabulous Elephant
Bright Lark

Friendly Shrew

Empathetic Bear

Estoteric Terrier

Stinky Fish

Flat Frog

Dim Lion

Sizable Pikachu

Fizzy Pikachu

Small Sardine

Dim Termite

Advanced Dog

Colorful Worm

Immature Mite

Furry Boobs

Problematic Pigeon

Lustful Alien

Daring Dubstepper

Obstinate Snail

Fake Poe

Mature Dog

Prowling Wyvern

Quizzical Orangutan

Quixotic Dove

Clever Ginger

Prowling Robot

Advanced Shark

Zippy Pangolin

Awesome Fish

Colorful Shrew

Friendly Fish

Pushy Kitten

Quixotic ReDead

Underwhelming Lark

Private Seagull

Pushy Orangutan

Wrathful Dove

Long ReDead

Small Armadillo

Silly Mite

Glutonous Dragon

Immature Terrier

Giddy Mouse

Friendly Squirrel

Small Whale
Friendly Sardine

Small Child

Needy Snail

Awesome Tumbleweed

Nonsensical Robot

Brave Dove

Evolved Worm

Greedy Finch

Systematic Mite

Protective Wolf

Pushy Horse

Immature Armadillo

Boisterous Dog

Wrathful Unicorn

Systematic Cow

Evolved Tumbleweed

Problematic Eagle

Glutonous Elephant

Sophisticated Pigeon

Stinky Dove

Fizzy Toaster

Typical Alien

Small Downing

Loyal Turkey

Speedy Mockingbird

Helpful Dinosaur

Fizzy Dog
