John Doe

Vicious Oryx

Red
Green

Tameka Mule
Saundra Weckerly

Peyton Brooks
Eliza Hinojosa

Alexis Culver
Cole Dugan

John Hogue
Julius Bernal

Zion Pedersen

Ayden Dotson

Zion Chu

Anderson Baxter

Drew Pitts
Evelyn Ferrara

Francisco Causey

Grant Kerr

Lauren Beatty

Brooklyn Carson

Madeline Ferreira

Emma Ware

Alejandro Champagne

Kennedy Bruce

Lydia Murphy

Noah Stahl

Collin Kline

Alec Thorn

Miguel Dorman

Mckenzie Oneal

Gabrielle Begley

Isabelle Hillman

Jackson Castle

Tiffany Avila

Asia Herrington

Alexandra Paulsen

Josue Valentine

Liam Tillman

Elizabeth Richey

Hudson Lyon

Josue Valentine

Conner Walters

Jeremiah Leyva

Hunter Cowart

Oliver Weston

Julianna Amos
