valgrind RunVoting < RunVoting.in
==15248== Memcheck, a memory error detector
==15248== Copyright (C) 2002-2011, and GNU GPL'd, by Julian Seward et al.
==15248== Using Valgrind-3.7.0 and LibVEX; rerun with -h for copyright info
==15248== Command: RunVoting
==15248== 
Jane Smith

Bob

John Doe

Bob Marley
Sandy Rawr

Niels Fitzgerald

Bob Mill
Francis Mill

Winston Fitzgerald

Blaise Hume

Orson Downing

Maria Doe
Marie Fitzgerald
Jack Mill

David Fitzgerald

Jane Pascal

David Doe

Glenn Doe

David Bacon

Orson Downing

Francis Churchill

Jane Hume

Marie Pascal

Jack Downing

Orson Earhart

Jack Kerouac

Jack Hume

Francis Mill
Bob Theresa

Kevin Theresa

Blaise Marley

Bob Bohr

Glenn Roosevelt

Marie Hume

Winston Pascal

Amelia Mill

David Churchill

Marie Downing

Blaise Bohr

Bob Fitzgerald

Maria Bohr

Marie Bacon

Maria Card

Ray Theresa

Jack Roosevelt

Ray Bacon

David Doe

Orson Bradbury

Blaise Curie

Blaise Bacon

Maria Pascal

Eleanor Doe
Glenn Bacon
Ray Einstein

Orson Card

Jack Fitzgerald

Albert Hume

Niels Card
Winston Earhart

Albert Kerouac
Kevin Mill

Niels Bohr

Albert Doe

Winston Card

Orson Bohr

Jack Mill

Kevin Pascal

Niels Doe

Marie Roosevelt

Francis Mill

Niels Fitzgerald

Jack Marley

Jack Bohr

Amelia Fitzgerald

Niels Fitzgerald

Glenn Einstein
Jane Bacon

Jane Mill

Amelia Kerouac

Amelia Hume

Niels Roosevelt

Eleanor Theresa

Amelia Roosevelt

Marie Hume

Jane Einstein

Albert Doe

Kevin Churchill

Albert Fitzgerald

Eleanor Einstein
Eleanor Bradbury
Albert Kerouac
Amelia Theresa

Ray Churchill

Francis Kerouac

Winston Churchill

Jane Marley

Eleanor Curie

Bob Marley

Jane Bradbury
Winston Earhart
Albert Bradbury
Bob Card
Eleanor Earhart

Amelia Bradbury

John Bohr

Glenn Bacon

Jack Marley

Winston Bradbury
Winston Einstein

Marie Curie

Jack Downing

Jane Bohr

Eleanor Marley

Francis Einstein

Francis Downing

John Theresa

Maria Doe
==15248== 
==15248== HEAP SUMMARY:
==15248==     in use at exit: 0 bytes in 0 blocks
==15248==   total heap usage: 25,182 allocs, 25,182 frees, 5,535,640 bytes allocated
==15248== 
==15248== All heap blocks were freed -- no leaks are possible
==15248== 
==15248== For counts of detected and suppressed errors, rerun with: -v
==15248== ERROR SUMMARY: 0 errors from 0 contexts (suppressed: 2 from 2)