valgrind RunVoting < RunVoting.in
==4339== Memcheck, a memory error detector
==4339== Copyright (C) 2002-2011, and GNU GPL'd, by Julian Seward et al.
==4339== Using Valgrind-3.7.0 and LibVEX; rerun with -h for copyright info
==4339== Command: RunVoting
==4339== 
John Doe

Jeremy Shapiro

==4339== Invalid read of size 4
==4339==    at 0x401C1E: voting_sort(std::vector<int, std::allocator<int> >&, Election&) (in /v/filer4b/v38q001/jeremy12/cs371p-voting/RunVoting)
==4339==    by 0x401697: voting_winner(Election&, int) (in /v/filer4b/v38q001/jeremy12/cs371p-voting/RunVoting)
==4339==    by 0x401428: voting_eval(std::vector<std::string, std::allocator<std::string> >&, std::vector<std::vector<int, std::allocator<int> >, std::allocator<std::vector<int, std::allocator<int> > > >&) (in /v/filer4b/v38q001/jeremy12/cs371p-voting/RunVoting)
==4339==    by 0x401D48: voting_solve(std::istream&, std::ostream&) (in /v/filer4b/v38q001/jeremy12/cs371p-voting/RunVoting)
==4339==    by 0x40BFDC: main (in /v/filer4b/v38q001/jeremy12/cs371p-voting/RunVoting)
==4339==  Address 0x5a2a72c is 4 bytes before a block of size 32 alloc'd
==4339==    at 0x4C2B1C7: operator new(unsigned long) (in /usr/lib/valgrind/vgpreload_memcheck-amd64-linux.so)
==4339==    by 0x408643: __gnu_cxx::new_allocator<int>::allocate(unsigned long, void const*) (in /v/filer4b/v38q001/jeremy12/cs371p-voting/RunVoting)
==4339==    by 0x406790: std::_Vector_base<int, std::allocator<int> >::_M_allocate(unsigned long) (in /v/filer4b/v38q001/jeremy12/cs371p-voting/RunVoting)
==4339==    by 0x40749E: void std::vector<int, std::allocator<int> >::_M_insert_aux<int>(__gnu_cxx::__normal_iterator<int*, std::vector<int, std::allocator<int> > >, int&&) (in /v/filer4b/v38q001/jeremy12/cs371p-voting/RunVoting)
==4339==    by 0x4054CD: void std::vector<int, std::allocator<int> >::emplace_back<int>(int&&) (in /v/filer4b/v38q001/jeremy12/cs371p-voting/RunVoting)
==4339==    by 0x4038C9: std::vector<int, std::allocator<int> >::push_back(int&&) (in /v/filer4b/v38q001/jeremy12/cs371p-voting/RunVoting)
==4339==    by 0x401658: voting_winner(Election&, int) (in /v/filer4b/v38q001/jeremy12/cs371p-voting/RunVoting)
==4339==    by 0x401428: voting_eval(std::vector<std::string, std::allocator<std::string> >&, std::vector<std::vector<int, std::allocator<int> >, std::allocator<std::vector<int, std::allocator<int> > > >&) (in /v/filer4b/v38q001/jeremy12/cs371p-voting/RunVoting)
==4339==    by 0x401D48: voting_solve(std::istream&, std::ostream&) (in /v/filer4b/v38q001/jeremy12/cs371p-voting/RunVoting)
==4339==    by 0x40BFDC: main (in /v/filer4b/v38q001/jeremy12/cs371p-voting/RunVoting)
==4339== 
==4339== Invalid read of size 8
==4339==    at 0x402AF4: std::vector<Ballot, std::allocator<Ballot> >::size() const (in /v/filer4b/v38q001/jeremy12/cs371p-voting/RunVoting)
==4339==    by 0x4025B7: Candidate::numVoters() (in /v/filer4b/v38q001/jeremy12/cs371p-voting/RunVoting)
==4339==    by 0x401C3C: voting_sort(std::vector<int, std::allocator<int> >&, Election&) (in /v/filer4b/v38q001/jeremy12/cs371p-voting/RunVoting)
==4339==    by 0x401697: voting_winner(Election&, int) (in /v/filer4b/v38q001/jeremy12/cs371p-voting/RunVoting)
==4339==    by 0x401428: voting_eval(std::vector<std::string, std::allocator<std::string> >&, std::vector<std::vector<int, std::allocator<int> >, std::allocator<std::vector<int, std::allocator<int> > > >&) (in /v/filer4b/v38q001/jeremy12/cs371p-voting/RunVoting)
==4339==    by 0x401D48: voting_solve(std::istream&, std::ostream&) (in /v/filer4b/v38q001/jeremy12/cs371p-voting/RunVoting)
==4339==    by 0x40BFDC: main (in /v/filer4b/v38q001/jeremy12/cs371p-voting/RunVoting)
==4339==  Address 0x5a2a380 is not stack'd, malloc'd or (recently) free'd
==4339== 
==4339== Invalid read of size 8
==4339==    at 0x402AFF: std::vector<Ballot, std::allocator<Ballot> >::size() const (in /v/filer4b/v38q001/jeremy12/cs371p-voting/RunVoting)
==4339==    by 0x4025B7: Candidate::numVoters() (in /v/filer4b/v38q001/jeremy12/cs371p-voting/RunVoting)
==4339==    by 0x401C3C: voting_sort(std::vector<int, std::allocator<int> >&, Election&) (in /v/filer4b/v38q001/jeremy12/cs371p-voting/RunVoting)
==4339==    by 0x401697: voting_winner(Election&, int) (in /v/filer4b/v38q001/jeremy12/cs371p-voting/RunVoting)
==4339==    by 0x401428: voting_eval(std::vector<std::string, std::allocator<std::string> >&, std::vector<std::vector<int, std::allocator<int> >, std::allocator<std::vector<int, std::allocator<int> > > >&) (in /v/filer4b/v38q001/jeremy12/cs371p-voting/RunVoting)
==4339==    by 0x401D48: voting_solve(std::istream&, std::ostream&) (in /v/filer4b/v38q001/jeremy12/cs371p-voting/RunVoting)
==4339==    by 0x40BFDC: main (in /v/filer4b/v38q001/jeremy12/cs371p-voting/RunVoting)
==4339==  Address 0x5a2a378 is not stack'd, malloc'd or (recently) free'd
==4339== 
Ekongi Yancy

Fitz Jeffry

Mary Eberlein
Mike Scott
Glenn Downing
Bill Young
Greg Plaxton

Tresa Towne
==4339== 
==4339== HEAP SUMMARY:
==4339==     in use at exit: 122,880 bytes in 6 blocks
==4339==   total heap usage: 44,375 allocs, 44,369 frees, 4,008,330 bytes allocated
==4339== 
==4339== LEAK SUMMARY:
==4339==    definitely lost: 0 bytes in 0 blocks
==4339==    indirectly lost: 0 bytes in 0 blocks
==4339==      possibly lost: 0 bytes in 0 blocks
==4339==    still reachable: 122,880 bytes in 6 blocks
==4339==         suppressed: 0 bytes in 0 blocks
==4339== Rerun with --leak-check=full to see details of leaked memory
==4339== 
==4339== For counts of detected and suppressed errors, rerun with: -v
==4339== ERROR SUMMARY: 66 errors from 3 contexts (suppressed: 2 from 2)
