==18053== Memcheck, a memory error detector
==18053== Copyright (C) 2002-2011, and GNU GPL'd, by Julian Seward et al.
==18053== Using Valgrind-3.7.0 and LibVEX; rerun with -h for copyright info
==18053== Command: RunVoting
==18053== 
John Doe

Red
Green

Abraham Lincoln

Kevin Jacoby
Kevin Jacob
Kevin Jaco
==18053== 
==18053== HEAP SUMMARY:
==18053==     in use at exit: 0 bytes in 0 blocks
==18053==   total heap usage: 3,978 allocs, 3,978 frees, 58,837 bytes allocated
==18053== 
==18053== All heap blocks were freed -- no leaks are possible
==18053== 
==18053== For counts of detected and suppressed errors, rerun with: -v
==18053== ERROR SUMMARY: 0 errors from 0 contexts (suppressed: 2 from 2)
gonyea$ valgrind RunVoting < RunVoting.in > RunVoting.out
==18056== Memcheck, a memory error detector
==18056== Copyright (C) 2002-2011, and GNU GPL'd, by Julian Seward et al.
==18056== Using Valgrind-3.7.0 and LibVEX; rerun with -h for copyright info
==18056== Command: RunVoting
==18056== 
==18056== 
==18056== HEAP SUMMARY:
==18056==     in use at exit: 0 bytes in 0 blocks
==18056==   total heap usage: 3,978 allocs, 3,978 frees, 58,837 bytes allocated
==18056== 
==18056== All heap blocks were freed -- no leaks are possible
==18056== 
==18056== For counts of detected and suppressed errors, rerun with: -v
==18056== ERROR SUMMARY: 0 errors from 0 contexts (suppressed: 2 from 2)